<?xml version="1.0" encoding="UTF-8"?>
<testng-results skipped="0" failed="0" ignored="0" total="1" passed="1">
  <reporter-output>
  </reporter-output>
  <suite name="Default suite" duration-ms="1531" started-at="2020-04-10T10:38:43Z" finished-at="2020-04-10T10:38:45Z">
    <groups>
    </groups>
    <test name="Default test" duration-ms="1531" started-at="2020-04-10T10:38:43Z" finished-at="2020-04-10T10:38:45Z">
      <class name="apachepoi.getallrowexcel">
        <test-method status="PASS" signature="login()[pri:0, instance:apachepoi.getallrowexcel@565b978a]" name="login" duration-ms="1469" started-at="2020-04-10T10:38:43Z" finished-at="2020-04-10T10:38:45Z">
          <reporter-output>
          </reporter-output>
        </test-method> <!-- login -->
      </class> <!-- apachepoi.getallrowexcel -->
    </test> <!-- Default test -->
  </suite> <!-- Default suite -->
</testng-results>
